<?xml version="1.0" encoding="UTF-8"?>
<testsuite xmlns:xsi="http://www.w3.org/2001/XMLSchema-instance" xsi:noNamespaceSchemaLocation="https://maven.apache.org/surefire/maven-surefire-plugin/xsd/surefire-test-report.xsd" name="com.liao.RestTest" time="3.035" tests="2" errors="0" skipped="0" failures="0">
  <properties>
    <property name="sun.desktop" value="windows"/>
    <property name="awt.toolkit" value="sun.awt.windows.WToolkit"/>
    <property name="file.encoding.pkg" value="sun.io"/>
    <property name="java.specification.version" value="1.8"/>
    <property name="sun.cpu.isalist" value="amd64"/>
    <property name="sun.jnu.encoding" value="GBK"/>
    <property name="java.class.path" value="D:\MyProject\RestClient\target\test-classes;D:\MyProject\RestClient\target\classes;D:\maven\MavenHouse\house\org\springframework\boot\spring-boot-starter-test\2.7.4\spring-boot-starter-test-2.7.4.jar;D:\maven\MavenHouse\house\org\springframework\boot\spring-boot-test\2.7.4\spring-boot-test-2.7.4.jar;D:\maven\MavenHouse\house\org\springframework\boot\spring-boot-test-autoconfigure\2.7.4\spring-boot-test-autoconfigure-2.7.4.jar;D:\maven\MavenHouse\house\com\jayway\jsonpath\json-path\2.7.0\json-path-2.7.0.jar;D:\maven\MavenHouse\house\net\minidev\json-smart\2.4.8\json-smart-2.4.8.jar;D:\maven\MavenHouse\house\net\minidev\accessors-smart\2.4.8\accessors-smart-2.4.8.jar;D:\maven\MavenHouse\house\org\ow2\asm\asm\9.1\asm-9.1.jar;D:\maven\MavenHouse\house\org\slf4j\slf4j-api\1.7.36\slf4j-api-1.7.36.jar;D:\maven\MavenHouse\house\jakarta\xml\bind\jakarta.xml.bind-api\2.3.3\jakarta.xml.bind-api-2.3.3.jar;D:\maven\MavenHouse\house\jakarta\activation\jakarta.activation-api\1.2.2\jakarta.activation-api-1.2.2.jar;D:\maven\MavenHouse\house\org\assertj\assertj-core\3.22.0\assertj-core-3.22.0.jar;D:\maven\MavenHouse\house\org\hamcrest\hamcrest\2.2\hamcrest-2.2.jar;D:\maven\MavenHouse\house\org\junit\jupiter\junit-jupiter\5.8.2\junit-jupiter-5.8.2.jar;D:\maven\MavenHouse\house\org\junit\jupiter\junit-jupiter-api\5.8.2\junit-jupiter-api-5.8.2.jar;D:\maven\MavenHouse\house\org\opentest4j\opentest4j\1.2.0\opentest4j-1.2.0.jar;D:\maven\MavenHouse\house\org\junit\platform\junit-platform-commons\1.8.2\junit-platform-commons-1.8.2.jar;D:\maven\MavenHouse\house\org\apiguardian\apiguardian-api\1.1.2\apiguardian-api-1.1.2.jar;D:\maven\MavenHouse\house\org\junit\jupiter\junit-jupiter-params\5.8.2\junit-jupiter-params-5.8.2.jar;D:\maven\MavenHouse\house\org\junit\jupiter\junit-jupiter-engine\5.8.2\junit-jupiter-engine-5.8.2.jar;D:\maven\MavenHouse\house\org\junit\platform\junit-platform-engine\1.8.2\junit-platform-engine-1.8.2.jar;D:\maven\MavenHouse\house\org\mockito\mockito-core\4.5.1\mockito-core-4.5.1.jar;D:\maven\MavenHouse\house\net\bytebuddy\byte-buddy\1.12.17\byte-buddy-1.12.17.jar;D:\maven\MavenHouse\house\net\bytebuddy\byte-buddy-agent\1.12.17\byte-buddy-agent-1.12.17.jar;D:\maven\MavenHouse\house\org\objenesis\objenesis\3.2\objenesis-3.2.jar;D:\maven\MavenHouse\house\org\mockito\mockito-junit-jupiter\4.5.1\mockito-junit-jupiter-4.5.1.jar;D:\maven\MavenHouse\house\org\skyscreamer\jsonassert\1.5.1\jsonassert-1.5.1.jar;D:\maven\MavenHouse\house\com\vaadin\external\google\android-json\0.0.20131108.vaadin1\android-json-0.0.20131108.vaadin1.jar;D:\maven\MavenHouse\house\org\springframework\spring-core\5.3.23\spring-core-5.3.23.jar;D:\maven\MavenHouse\house\org\springframework\spring-jcl\5.3.23\spring-jcl-5.3.23.jar;D:\maven\MavenHouse\house\org\springframework\spring-test\5.3.23\spring-test-5.3.23.jar;D:\maven\MavenHouse\house\org\xmlunit\xmlunit-core\2.9.0\xmlunit-core-2.9.0.jar;D:\maven\MavenHouse\house\org\springframework\boot\spring-boot-starter\2.7.4\spring-boot-starter-2.7.4.jar;D:\maven\MavenHouse\house\org\springframework\boot\spring-boot\2.7.4\spring-boot-2.7.4.jar;D:\maven\MavenHouse\house\org\springframework\spring-context\5.3.23\spring-context-5.3.23.jar;D:\maven\MavenHouse\house\org\springframework\boot\spring-boot-autoconfigure\2.7.4\spring-boot-autoconfigure-2.7.4.jar;D:\maven\MavenHouse\house\org\springframework\boot\spring-boot-starter-logging\2.7.4\spring-boot-starter-logging-2.7.4.jar;D:\maven\MavenHouse\house\ch\qos\logback\logback-classic\1.2.11\logback-classic-1.2.11.jar;D:\maven\MavenHouse\house\ch\qos\logback\logback-core\1.2.11\logback-core-1.2.11.jar;D:\maven\MavenHouse\house\org\apache\logging\log4j\log4j-to-slf4j\2.17.2\log4j-to-slf4j-2.17.2.jar;D:\maven\MavenHouse\house\org\slf4j\jul-to-slf4j\1.7.36\jul-to-slf4j-1.7.36.jar;D:\maven\MavenHouse\house\jakarta\annotation\jakarta.annotation-api\1.3.5\jakarta.annotation-api-1.3.5.jar;D:\maven\MavenHouse\house\org\yaml\snakeyaml\1.30\snakeyaml-1.30.jar;D:\maven\MavenHouse\house\org\springframework\boot\spring-boot-starter-web\2.7.4\spring-boot-starter-web-2.7.4.jar;D:\maven\MavenHouse\house\org\springframework\boot\spring-boot-starter-json\2.7.4\spring-boot-starter-json-2.7.4.jar;D:\maven\MavenHouse\house\com\fasterxml\jackson\core\jackson-databind\2.13.4\jackson-databind-2.13.4.jar;D:\maven\MavenHouse\house\com\fasterxml\jackson\core\jackson-annotations\2.13.4\jackson-annotations-2.13.4.jar;D:\maven\MavenHouse\house\com\fasterxml\jackson\core\jackson-core\2.13.4\jackson-core-2.13.4.jar;D:\maven\MavenHouse\house\com\fasterxml\jackson\datatype\jackson-datatype-jdk8\2.13.4\jackson-datatype-jdk8-2.13.4.jar;D:\maven\MavenHouse\house\com\fasterxml\jackson\datatype\jackson-datatype-jsr310\2.13.4\jackson-datatype-jsr310-2.13.4.jar;D:\maven\MavenHouse\house\com\fasterxml\jackson\module\jackson-module-parameter-names\2.13.4\jackson-module-parameter-names-2.13.4.jar;D:\maven\MavenHouse\house\org\springframework\boot\spring-boot-starter-tomcat\2.7.4\spring-boot-starter-tomcat-2.7.4.jar;D:\maven\MavenHouse\house\org\apache\tomcat\embed\tomcat-embed-core\9.0.65\tomcat-embed-core-9.0.65.jar;D:\maven\MavenHouse\house\org\apache\tomcat\embed\tomcat-embed-el\9.0.65\tomcat-embed-el-9.0.65.jar;D:\maven\MavenHouse\house\org\apache\tomcat\embed\tomcat-embed-websocket\9.0.65\tomcat-embed-websocket-9.0.65.jar;D:\maven\MavenHouse\house\org\springframework\spring-web\5.3.23\spring-web-5.3.23.jar;D:\maven\MavenHouse\house\org\springframework\spring-beans\5.3.23\spring-beans-5.3.23.jar;D:\maven\MavenHouse\house\org\springframework\spring-webmvc\5.3.23\spring-webmvc-5.3.23.jar;D:\maven\MavenHouse\house\org\springframework\spring-aop\5.3.23\spring-aop-5.3.23.jar;D:\maven\MavenHouse\house\org\springframework\spring-expression\5.3.23\spring-expression-5.3.23.jar;D:\maven\MavenHouse\house\mysql\mysql-connector-java\8.0.30\mysql-connector-java-8.0.30.jar;D:\maven\MavenHouse\house\org\springframework\boot\spring-boot-starter-jdbc\2.7.4\spring-boot-starter-jdbc-2.7.4.jar;D:\maven\MavenHouse\house\com\zaxxer\HikariCP\4.0.3\HikariCP-4.0.3.jar;D:\maven\MavenHouse\house\org\springframework\spring-jdbc\5.3.23\spring-jdbc-5.3.23.jar;D:\maven\MavenHouse\house\org\springframework\spring-tx\5.3.23\spring-tx-5.3.23.jar;D:\maven\MavenHouse\house\junit\junit\4.13.2\junit-4.13.2.jar;D:\maven\MavenHouse\house\org\hamcrest\hamcrest-core\2.2\hamcrest-core-2.2.jar;D:\maven\MavenHouse\house\org\elasticsearch\client\elasticsearch-rest-high-level-client\7.12.1\elasticsearch-rest-high-level-client-7.12.1.jar;D:\maven\MavenHouse\house\org\elasticsearch\elasticsearch\7.12.1\elasticsearch-7.12.1.jar;D:\maven\MavenHouse\house\org\elasticsearch\elasticsearch-core\7.12.1\elasticsearch-core-7.12.1.jar;D:\maven\MavenHouse\house\org\elasticsearch\elasticsearch-secure-sm\7.12.1\elasticsearch-secure-sm-7.12.1.jar;D:\maven\MavenHouse\house\org\elasticsearch\elasticsearch-x-content\7.12.1\elasticsearch-x-content-7.12.1.jar;D:\maven\MavenHouse\house\com\fasterxml\jackson\dataformat\jackson-dataformat-smile\2.13.4\jackson-dataformat-smile-2.13.4.jar;D:\maven\MavenHouse\house\com\fasterxml\jackson\dataformat\jackson-dataformat-yaml\2.13.4\jackson-dataformat-yaml-2.13.4.jar;D:\maven\MavenHouse\house\com\fasterxml\jackson\dataformat\jackson-dataformat-cbor\2.13.4\jackson-dataformat-cbor-2.13.4.jar;D:\maven\MavenHouse\house\org\elasticsearch\elasticsearch-geo\7.12.1\elasticsearch-geo-7.12.1.jar;D:\maven\MavenHouse\house\org\apache\lucene\lucene-core\8.8.0\lucene-core-8.8.0.jar;D:\maven\MavenHouse\house\org\apache\lucene\lucene-analyzers-common\8.8.0\lucene-analyzers-common-8.8.0.jar;D:\maven\MavenHouse\house\org\apache\lucene\lucene-backward-codecs\8.8.0\lucene-backward-codecs-8.8.0.jar;D:\maven\MavenHouse\house\org\apache\lucene\lucene-grouping\8.8.0\lucene-grouping-8.8.0.jar;D:\maven\MavenHouse\house\org\apache\lucene\lucene-highlighter\8.8.0\lucene-highlighter-8.8.0.jar;D:\maven\MavenHouse\house\org\apache\lucene\lucene-join\8.8.0\lucene-join-8.8.0.jar;D:\maven\MavenHouse\house\org\apache\lucene\lucene-memory\8.8.0\lucene-memory-8.8.0.jar;D:\maven\MavenHouse\house\org\apache\lucene\lucene-misc\8.8.0\lucene-misc-8.8.0.jar;D:\maven\MavenHouse\house\org\apache\lucene\lucene-queries\8.8.0\lucene-queries-8.8.0.jar;D:\maven\MavenHouse\house\org\apache\lucene\lucene-queryparser\8.8.0\lucene-queryparser-8.8.0.jar;D:\maven\MavenHouse\house\org\apache\lucene\lucene-sandbox\8.8.0\lucene-sandbox-8.8.0.jar;D:\maven\MavenHouse\house\org\apache\lucene\lucene-spatial-extras\8.8.0\lucene-spatial-extras-8.8.0.jar;D:\maven\MavenHouse\house\org\apache\lucene\lucene-spatial3d\8.8.0\lucene-spatial3d-8.8.0.jar;D:\maven\MavenHouse\house\org\apache\lucene\lucene-suggest\8.8.0\lucene-suggest-8.8.0.jar;D:\maven\MavenHouse\house\org\elasticsearch\elasticsearch-cli\7.12.1\elasticsearch-cli-7.12.1.jar;D:\maven\MavenHouse\house\net\sf\jopt-simple\jopt-simple\5.0.2\jopt-simple-5.0.2.jar;D:\maven\MavenHouse\house\com\carrotsearch\hppc\0.8.1\hppc-0.8.1.jar;D:\maven\MavenHouse\house\joda-time\joda-time\2.10.4\joda-time-2.10.4.jar;D:\maven\MavenHouse\house\com\tdunning\t-digest\3.2\t-digest-3.2.jar;D:\maven\MavenHouse\house\org\hdrhistogram\HdrHistogram\2.1.9\HdrHistogram-2.1.9.jar;D:\maven\MavenHouse\house\org\apache\logging\log4j\log4j-api\2.17.2\log4j-api-2.17.2.jar;D:\maven\MavenHouse\house\org\elasticsearch\jna\5.7.0-1\jna-5.7.0-1.jar;D:\maven\MavenHouse\house\org\elasticsearch\elasticsearch-plugin-classloader\7.12.1\elasticsearch-plugin-classloader-7.12.1.jar;D:\maven\MavenHouse\house\org\elasticsearch\client\elasticsearch-rest-client\7.12.1\elasticsearch-rest-client-7.12.1.jar;D:\maven\MavenHouse\house\org\apache\httpcomponents\httpclient\4.5.13\httpclient-4.5.13.jar;D:\maven\MavenHouse\house\org\apache\httpcomponents\httpcore\4.4.15\httpcore-4.4.15.jar;D:\maven\MavenHouse\house\org\apache\httpcomponents\httpasyncclient\4.1.5\httpasyncclient-4.1.5.jar;D:\maven\MavenHouse\house\org\apache\httpcomponents\httpcore-nio\4.4.15\httpcore-nio-4.4.15.jar;D:\maven\MavenHouse\house\commons-codec\commons-codec\1.15\commons-codec-1.15.jar;D:\maven\MavenHouse\house\org\elasticsearch\plugin\mapper-extras-client\7.12.1\mapper-extras-client-7.12.1.jar;D:\maven\MavenHouse\house\org\elasticsearch\plugin\parent-join-client\7.12.1\parent-join-client-7.12.1.jar;D:\maven\MavenHouse\house\org\elasticsearch\plugin\aggs-matrix-stats-client\7.12.1\aggs-matrix-stats-client-7.12.1.jar;D:\maven\MavenHouse\house\org\elasticsearch\plugin\rank-eval-client\7.12.1\rank-eval-client-7.12.1.jar;D:\maven\MavenHouse\house\org\elasticsearch\plugin\lang-mustache-client\7.12.1\lang-mustache-client-7.12.1.jar;D:\maven\MavenHouse\house\com\github\spullara\mustache\java\compiler\0.9.6\compiler-0.9.6.jar;"/>
    <property name="java.vm.vendor" value="Oracle Corporation"/>
    <property name="sun.arch.data.model" value="64"/>
    <property name="user.variant" value=""/>
    <property name="java.vendor.url" value="http://java.oracle.com/"/>
    <property name="user.timezone" value="Asia/Shanghai"/>
    <property name="java.vm.specification.version" value="1.8"/>
    <property name="os.name" value="Windows 10"/>
    <property name="user.country" value="CN"/>
    <property name="sun.java.launcher" value="SUN_STANDARD"/>
    <property name="sun.boot.library.path" value="D:\Java\jdk1.8.0_161\jre\bin"/>
    <property name="sun.java.command" value="C:\Users\admin\AppData\Local\Temp\surefire5279678748104859976\surefirebooter2905713230156424922.jar C:\Users\admin\AppData\Local\Temp\surefire5279678748104859976 2022-11-03T15-20-08_132-jvmRun1 surefire6370140450406273554tmp surefire_0520031888953512467tmp"/>
    <property name="surefire.test.class.path" value="D:\MyProject\RestClient\target\test-classes;D:\MyProject\RestClient\target\classes;D:\maven\MavenHouse\house\org\springframework\boot\spring-boot-starter-test\2.7.4\spring-boot-starter-test-2.7.4.jar;D:\maven\MavenHouse\house\org\springframework\boot\spring-boot-test\2.7.4\spring-boot-test-2.7.4.jar;D:\maven\MavenHouse\house\org\springframework\boot\spring-boot-test-autoconfigure\2.7.4\spring-boot-test-autoconfigure-2.7.4.jar;D:\maven\MavenHouse\house\com\jayway\jsonpath\json-path\2.7.0\json-path-2.7.0.jar;D:\maven\MavenHouse\house\net\minidev\json-smart\2.4.8\json-smart-2.4.8.jar;D:\maven\MavenHouse\house\net\minidev\accessors-smart\2.4.8\accessors-smart-2.4.8.jar;D:\maven\MavenHouse\house\org\ow2\asm\asm\9.1\asm-9.1.jar;D:\maven\MavenHouse\house\org\slf4j\slf4j-api\1.7.36\slf4j-api-1.7.36.jar;D:\maven\MavenHouse\house\jakarta\xml\bind\jakarta.xml.bind-api\2.3.3\jakarta.xml.bind-api-2.3.3.jar;D:\maven\MavenHouse\house\jakarta\activation\jakarta.activation-api\1.2.2\jakarta.activation-api-1.2.2.jar;D:\maven\MavenHouse\house\org\assertj\assertj-core\3.22.0\assertj-core-3.22.0.jar;D:\maven\MavenHouse\house\org\hamcrest\hamcrest\2.2\hamcrest-2.2.jar;D:\maven\MavenHouse\house\org\junit\jupiter\junit-jupiter\5.8.2\junit-jupiter-5.8.2.jar;D:\maven\MavenHouse\house\org\junit\jupiter\junit-jupiter-api\5.8.2\junit-jupiter-api-5.8.2.jar;D:\maven\MavenHouse\house\org\opentest4j\opentest4j\1.2.0\opentest4j-1.2.0.jar;D:\maven\MavenHouse\house\org\junit\platform\junit-platform-commons\1.8.2\junit-platform-commons-1.8.2.jar;D:\maven\MavenHouse\house\org\apiguardian\apiguardian-api\1.1.2\apiguardian-api-1.1.2.jar;D:\maven\MavenHouse\house\org\junit\jupiter\junit-jupiter-params\5.8.2\junit-jupiter-params-5.8.2.jar;D:\maven\MavenHouse\house\org\junit\jupiter\junit-jupiter-engine\5.8.2\junit-jupiter-engine-5.8.2.jar;D:\maven\MavenHouse\house\org\junit\platform\junit-platform-engine\1.8.2\junit-platform-engine-1.8.2.jar;D:\maven\MavenHouse\house\org\mockito\mockito-core\4.5.1\mockito-core-4.5.1.jar;D:\maven\MavenHouse\house\net\bytebuddy\byte-buddy\1.12.17\byte-buddy-1.12.17.jar;D:\maven\MavenHouse\house\net\bytebuddy\byte-buddy-agent\1.12.17\byte-buddy-agent-1.12.17.jar;D:\maven\MavenHouse\house\org\objenesis\objenesis\3.2\objenesis-3.2.jar;D:\maven\MavenHouse\house\org\mockito\mockito-junit-jupiter\4.5.1\mockito-junit-jupiter-4.5.1.jar;D:\maven\MavenHouse\house\org\skyscreamer\jsonassert\1.5.1\jsonassert-1.5.1.jar;D:\maven\MavenHouse\house\com\vaadin\external\google\android-json\0.0.20131108.vaadin1\android-json-0.0.20131108.vaadin1.jar;D:\maven\MavenHouse\house\org\springframework\spring-core\5.3.23\spring-core-5.3.23.jar;D:\maven\MavenHouse\house\org\springframework\spring-jcl\5.3.23\spring-jcl-5.3.23.jar;D:\maven\MavenHouse\house\org\springframework\spring-test\5.3.23\spring-test-5.3.23.jar;D:\maven\MavenHouse\house\org\xmlunit\xmlunit-core\2.9.0\xmlunit-core-2.9.0.jar;D:\maven\MavenHouse\house\org\springframework\boot\spring-boot-starter\2.7.4\spring-boot-starter-2.7.4.jar;D:\maven\MavenHouse\house\org\springframework\boot\spring-boot\2.7.4\spring-boot-2.7.4.jar;D:\maven\MavenHouse\house\org\springframework\spring-context\5.3.23\spring-context-5.3.23.jar;D:\maven\MavenHouse\house\org\springframework\boot\spring-boot-autoconfigure\2.7.4\spring-boot-autoconfigure-2.7.4.jar;D:\maven\MavenHouse\house\org\springframework\boot\spring-boot-starter-logging\2.7.4\spring-boot-starter-logging-2.7.4.jar;D:\maven\MavenHouse\house\ch\qos\logback\logback-classic\1.2.11\logback-classic-1.2.11.jar;D:\maven\MavenHouse\house\ch\qos\logback\logback-core\1.2.11\logback-core-1.2.11.jar;D:\maven\MavenHouse\house\org\apache\logging\log4j\log4j-to-slf4j\2.17.2\log4j-to-slf4j-2.17.2.jar;D:\maven\MavenHouse\house\org\slf4j\jul-to-slf4j\1.7.36\jul-to-slf4j-1.7.36.jar;D:\maven\MavenHouse\house\jakarta\annotation\jakarta.annotation-api\1.3.5\jakarta.annotation-api-1.3.5.jar;D:\maven\MavenHouse\house\org\yaml\snakeyaml\1.30\snakeyaml-1.30.jar;D:\maven\MavenHouse\house\org\springframework\boot\spring-boot-starter-web\2.7.4\spring-boot-starter-web-2.7.4.jar;D:\maven\MavenHouse\house\org\springframework\boot\spring-boot-starter-json\2.7.4\spring-boot-starter-json-2.7.4.jar;D:\maven\MavenHouse\house\com\fasterxml\jackson\core\jackson-databind\2.13.4\jackson-databind-2.13.4.jar;D:\maven\MavenHouse\house\com\fasterxml\jackson\core\jackson-annotations\2.13.4\jackson-annotations-2.13.4.jar;D:\maven\MavenHouse\house\com\fasterxml\jackson\core\jackson-core\2.13.4\jackson-core-2.13.4.jar;D:\maven\MavenHouse\house\com\fasterxml\jackson\datatype\jackson-datatype-jdk8\2.13.4\jackson-datatype-jdk8-2.13.4.jar;D:\maven\MavenHouse\house\com\fasterxml\jackson\datatype\jackson-datatype-jsr310\2.13.4\jackson-datatype-jsr310-2.13.4.jar;D:\maven\MavenHouse\house\com\fasterxml\jackson\module\jackson-module-parameter-names\2.13.4\jackson-module-parameter-names-2.13.4.jar;D:\maven\MavenHouse\house\org\springframework\boot\spring-boot-starter-tomcat\2.7.4\spring-boot-starter-tomcat-2.7.4.jar;D:\maven\MavenHouse\house\org\apache\tomcat\embed\tomcat-embed-core\9.0.65\tomcat-embed-core-9.0.65.jar;D:\maven\MavenHouse\house\org\apache\tomcat\embed\tomcat-embed-el\9.0.65\tomcat-embed-el-9.0.65.jar;D:\maven\MavenHouse\house\org\apache\tomcat\embed\tomcat-embed-websocket\9.0.65\tomcat-embed-websocket-9.0.65.jar;D:\maven\MavenHouse\house\org\springframework\spring-web\5.3.23\spring-web-5.3.23.jar;D:\maven\MavenHouse\house\org\springframework\spring-beans\5.3.23\spring-beans-5.3.23.jar;D:\maven\MavenHouse\house\org\springframework\spring-webmvc\5.3.23\spring-webmvc-5.3.23.jar;D:\maven\MavenHouse\house\org\springframework\spring-aop\5.3.23\spring-aop-5.3.23.jar;D:\maven\MavenHouse\house\org\springframework\spring-expression\5.3.23\spring-expression-5.3.23.jar;D:\maven\MavenHouse\house\mysql\mysql-connector-java\8.0.30\mysql-connector-java-8.0.30.jar;D:\maven\MavenHouse\house\org\springframework\boot\spring-boot-starter-jdbc\2.7.4\spring-boot-starter-jdbc-2.7.4.jar;D:\maven\MavenHouse\house\com\zaxxer\HikariCP\4.0.3\HikariCP-4.0.3.jar;D:\maven\MavenHouse\house\org\springframework\spring-jdbc\5.3.23\spring-jdbc-5.3.23.jar;D:\maven\MavenHouse\house\org\springframework\spring-tx\5.3.23\spring-tx-5.3.23.jar;D:\maven\MavenHouse\house\junit\junit\4.13.2\junit-4.13.2.jar;D:\maven\MavenHouse\house\org\hamcrest\hamcrest-core\2.2\hamcrest-core-2.2.jar;D:\maven\MavenHouse\house\org\elasticsearch\client\elasticsearch-rest-high-level-client\7.12.1\elasticsearch-rest-high-level-client-7.12.1.jar;D:\maven\MavenHouse\house\org\elasticsearch\elasticsearch\7.12.1\elasticsearch-7.12.1.jar;D:\maven\MavenHouse\house\org\elasticsearch\elasticsearch-core\7.12.1\elasticsearch-core-7.12.1.jar;D:\maven\MavenHouse\house\org\elasticsearch\elasticsearch-secure-sm\7.12.1\elasticsearch-secure-sm-7.12.1.jar;D:\maven\MavenHouse\house\org\elasticsearch\elasticsearch-x-content\7.12.1\elasticsearch-x-content-7.12.1.jar;D:\maven\MavenHouse\house\com\fasterxml\jackson\dataformat\jackson-dataformat-smile\2.13.4\jackson-dataformat-smile-2.13.4.jar;D:\maven\MavenHouse\house\com\fasterxml\jackson\dataformat\jackson-dataformat-yaml\2.13.4\jackson-dataformat-yaml-2.13.4.jar;D:\maven\MavenHouse\house\com\fasterxml\jackson\dataformat\jackson-dataformat-cbor\2.13.4\jackson-dataformat-cbor-2.13.4.jar;D:\maven\MavenHouse\house\org\elasticsearch\elasticsearch-geo\7.12.1\elasticsearch-geo-7.12.1.jar;D:\maven\MavenHouse\house\org\apache\lucene\lucene-core\8.8.0\lucene-core-8.8.0.jar;D:\maven\MavenHouse\house\org\apache\lucene\lucene-analyzers-common\8.8.0\lucene-analyzers-common-8.8.0.jar;D:\maven\MavenHouse\house\org\apache\lucene\lucene-backward-codecs\8.8.0\lucene-backward-codecs-8.8.0.jar;D:\maven\MavenHouse\house\org\apache\lucene\lucene-grouping\8.8.0\lucene-grouping-8.8.0.jar;D:\maven\MavenHouse\house\org\apache\lucene\lucene-highlighter\8.8.0\lucene-highlighter-8.8.0.jar;D:\maven\MavenHouse\house\org\apache\lucene\lucene-join\8.8.0\lucene-join-8.8.0.jar;D:\maven\MavenHouse\house\org\apache\lucene\lucene-memory\8.8.0\lucene-memory-8.8.0.jar;D:\maven\MavenHouse\house\org\apache\lucene\lucene-misc\8.8.0\lucene-misc-8.8.0.jar;D:\maven\MavenHouse\house\org\apache\lucene\lucene-queries\8.8.0\lucene-queries-8.8.0.jar;D:\maven\MavenHouse\house\org\apache\lucene\lucene-queryparser\8.8.0\lucene-queryparser-8.8.0.jar;D:\maven\MavenHouse\house\org\apache\lucene\lucene-sandbox\8.8.0\lucene-sandbox-8.8.0.jar;D:\maven\MavenHouse\house\org\apache\lucene\lucene-spatial-extras\8.8.0\lucene-spatial-extras-8.8.0.jar;D:\maven\MavenHouse\house\org\apache\lucene\lucene-spatial3d\8.8.0\lucene-spatial3d-8.8.0.jar;D:\maven\MavenHouse\house\org\apache\lucene\lucene-suggest\8.8.0\lucene-suggest-8.8.0.jar;D:\maven\MavenHouse\house\org\elasticsearch\elasticsearch-cli\7.12.1\elasticsearch-cli-7.12.1.jar;D:\maven\MavenHouse\house\net\sf\jopt-simple\jopt-simple\5.0.2\jopt-simple-5.0.2.jar;D:\maven\MavenHouse\house\com\carrotsearch\hppc\0.8.1\hppc-0.8.1.jar;D:\maven\MavenHouse\house\joda-time\joda-time\2.10.4\joda-time-2.10.4.jar;D:\maven\MavenHouse\house\com\tdunning\t-digest\3.2\t-digest-3.2.jar;D:\maven\MavenHouse\house\org\hdrhistogram\HdrHistogram\2.1.9\HdrHistogram-2.1.9.jar;D:\maven\MavenHouse\house\org\apache\logging\log4j\log4j-api\2.17.2\log4j-api-2.17.2.jar;D:\maven\MavenHouse\house\org\elasticsearch\jna\5.7.0-1\jna-5.7.0-1.jar;D:\maven\MavenHouse\house\org\elasticsearch\elasticsearch-plugin-classloader\7.12.1\elasticsearch-plugin-classloader-7.12.1.jar;D:\maven\MavenHouse\house\org\elasticsearch\client\elasticsearch-rest-client\7.12.1\elasticsearch-rest-client-7.12.1.jar;D:\maven\MavenHouse\house\org\apache\httpcomponents\httpclient\4.5.13\httpclient-4.5.13.jar;D:\maven\MavenHouse\house\org\apache\httpcomponents\httpcore\4.4.15\httpcore-4.4.15.jar;D:\maven\MavenHouse\house\org\apache\httpcomponents\httpasyncclient\4.1.5\httpasyncclient-4.1.5.jar;D:\maven\MavenHouse\house\org\apache\httpcomponents\httpcore-nio\4.4.15\httpcore-nio-4.4.15.jar;D:\maven\MavenHouse\house\commons-codec\commons-codec\1.15\commons-codec-1.15.jar;D:\maven\MavenHouse\house\org\elasticsearch\plugin\mapper-extras-client\7.12.1\mapper-extras-client-7.12.1.jar;D:\maven\MavenHouse\house\org\elasticsearch\plugin\parent-join-client\7.12.1\parent-join-client-7.12.1.jar;D:\maven\MavenHouse\house\org\elasticsearch\plugin\aggs-matrix-stats-client\7.12.1\aggs-matrix-stats-client-7.12.1.jar;D:\maven\MavenHouse\house\org\elasticsearch\plugin\rank-eval-client\7.12.1\rank-eval-client-7.12.1.jar;D:\maven\MavenHouse\house\org\elasticsearch\plugin\lang-mustache-client\7.12.1\lang-mustache-client-7.12.1.jar;D:\maven\MavenHouse\house\com\github\spullara\mustache\java\compiler\0.9.6\compiler-0.9.6.jar;"/>
    <property name="sun.cpu.endian" value="little"/>
    <property name="user.home" value="C:\Users\admin"/>
    <property name="user.language" value="zh"/>
    <property name="java.specification.vendor" value="Oracle Corporation"/>
    <property name="java.home" value="D:\Java\jdk1.8.0_161\jre"/>
    <property name="basedir" value="D:\MyProject\RestClient"/>
    <property name="file.separator" value="\"/>
    <property name="line.separator" value="&#10;"/>
    <property name="java.vm.specification.vendor" value="Oracle Corporation"/>
    <property name="java.specification.name" value="Java Platform API Specification"/>
    <property name="java.awt.graphicsenv" value="sun.awt.Win32GraphicsEnvironment"/>
    <property name="idea.version2020.1.1" value="true"/>
    <property name="surefire.real.class.path" value="C:\Users\admin\AppData\Local\Temp\surefire5279678748104859976\surefirebooter2905713230156424922.jar"/>
    <property name="sun.boot.class.path" value="D:\Java\jdk1.8.0_161\jre\lib\resources.jar;D:\Java\jdk1.8.0_161\jre\lib\rt.jar;D:\Java\jdk1.8.0_161\jre\lib\sunrsasign.jar;D:\Java\jdk1.8.0_161\jre\lib\jsse.jar;D:\Java\jdk1.8.0_161\jre\lib\jce.jar;D:\Java\jdk1.8.0_161\jre\lib\charsets.jar;D:\Java\jdk1.8.0_161\jre\lib\jfr.jar;D:\Java\jdk1.8.0_161\jre\classes"/>
    <property name="user.script" value=""/>
    <property name="sun.management.compiler" value="HotSpot 64-Bit Tiered Compilers"/>
    <property name="java.runtime.version" value="1.8.0_161-b12"/>
    <property name="user.name" value="admin"/>
    <property name="path.separator" value=";"/>
    <property name="os.version" value="10.0"/>
    <property name="java.endorsed.dirs" value="D:\Java\jdk1.8.0_161\jre\lib\endorsed"/>
    <property name="java.runtime.name" value="Java(TM) SE Runtime Environment"/>
    <property name="file.encoding" value="GBK"/>
    <property name="java.vm.name" value="Java HotSpot(TM) 64-Bit Server VM"/>
    <property name="localRepository" value="D:\maven\MavenHouse\house"/>
    <property name="java.vendor.url.bug" value="http://bugreport.sun.com/bugreport/"/>
    <property name="java.io.tmpdir" value="C:\Users\admin\AppData\Local\Temp\"/>
    <property name="java.version" value="1.8.0_161"/>
    <property name="user.dir" value="D:\MyProject\RestClient"/>
    <property name="os.arch" value="amd64"/>
    <property name="java.vm.specification.name" value="Java Virtual Machine Specification"/>
    <property name="java.awt.printerjob" value="sun.awt.windows.WPrinterJob"/>
    <property name="sun.os.patch.level" value=""/>
    <property name="java.library.path" value="D:\Java\jdk1.8.0_161\jre\bin;C:\Windows\Sun\Java\bin;C:\Windows\system32;C:\Windows;C:\Windows\system32;C:\Windows;C:\Windows\System32\Wbem;C:\Windows\System32\WindowsPowerShell\v1.0\;C:\Windows\System32\OpenSSH\;C:\Program Files\TortoiseSVN\bin;D:\maven\apache-maven-3.5.2\bin;D:\Java\jdk1.8.0_161\bin;D:\Java\jdk1.8.0_161\jre\bin;D:\RabbitMQ\Server\rabbitmq_server-3.9.14\sbin;D:\MySQL\mysql-8.0.29-winx64\bin;D:\Python;D:\RabbitMQ\Erlang2\erl9.2\bin;C:\Users\admin\AppData\Local\Microsoft\WindowsApps;."/>
    <property name="java.vm.info" value="mixed mode"/>
    <property name="java.vendor" value="Oracle Corporation"/>
    <property name="java.vm.version" value="25.161-b12"/>
    <property name="java.ext.dirs" value="D:\Java\jdk1.8.0_161\jre\lib\ext;C:\Windows\Sun\Java\lib\ext"/>
    <property name="sun.io.unicode.encoding" value="UnicodeLittle"/>
    <property name="maven.repo.local" value="D:\maven\MavenHouse\house"/>
    <property name="java.class.version" value="52.0"/>
  </properties>
  <testcase name="test" classname="com.liao.RestTest" time="0.15"/>
  <testcase name="index" classname="com.liao.RestTest" time="0.295"/>
</testsuite>